<?xml version="1.0" encoding="UTF-8"?>
<!-- Generated by org.testng.reporters.JUnitReportReporter -->
<testsuite hostname="CSAHLAP0008" failures="0" tests="7" name="entrata.EntrataTest" time="221.398" errors="0" timestamp="2024-09-29T12:29:41 IST" skipped="0">
  <testcase classname="entrata.EntrataTest" name="watchDemo" time="25.837"/>
  <system-out/>
  <testcase classname="entrata.EntrataTest" name="scheduleYourDemo" time="30.028"/>
  <system-out/>
  <testcase classname="entrata.EntrataTest" name="registerNow" time="33.836"/>
  <system-out/>
  <testcase classname="entrata.EntrataTest" name="clickOnLogoToGoOnHomePage" time="21.776"/>
  <system-out/>
  <testcase classname="entrata.EntrataTest" name="basecampJourney" time="60.544"/>
  <system-out/>
  <testcase classname="entrata.EntrataTest" name="seeHowItWorks" time="21.830"/>
  <system-out/>
  <testcase classname="entrata.EntrataTest" name="product" time="27.547"/>
  <system-out/>
</testsuite> <!-- entrata.EntrataTest -->
